<?xml version="1.0" encoding="UTF-8"?>
<!-- Generated by org.testng.reporters.JUnitReportReporter -->
<testsuite hostname="Hareend" failures="0" tests="5" name="sample.GoogleTestNG" time="6.669" errors="0" timestamp="2024-04-08T21:22:31 IST" skipped="1">
  <testcase classname="sample.GoogleTestNG" name="testC" time="0.021"/>
  <system-out/>
  <testcase classname="sample.GoogleTestNG" name="testA" time="0.004"/>
  <system-out/>
  <testcase classname="sample.GoogleTestNG" name="testA" time="0.002"/>
  <system-out/>
  <testcase classname="sample.GoogleTestNG" name="verifygoogle" time="6.642"/>
  <system-out/>
  <testcase classname="sample.GoogleTestNG" name="testB">
    <skipped/>
  </testcase> <!-- testB -->
  <system-out/>
</testsuite> <!-- sample.GoogleTestNG -->
